<?xml version="1.0" encoding="UTF-8" standalone="yes"?>
<testsuites time="28.65" tests="5" failures="3" errors="1">
    <testsuite name="GraphWalker" tests="5" failures="3" errors="1" time="28.65" timestamp="2022-09-28T16:59:43">
        <properties>
[...]
</properties>
        <testcase name="PetClinicTest" time="5.73" classname="com.company.modelimplementations.PetClinicTest">
            <failure type="Not fulfilled" message="71"/>
        </testcase>
        <testcase name="NewOwnerTest" time="5.73" classname="com.company.modelimplementations.NewOwnerTest">
            <failure type="Not fulfilled" message="33"/>
        </testcase>
        <testcase name="VeterinariansTest" time="5.73" classname="com.company.modelimplementations.VeterinariansTest"/>
        <testcase name="FindOwnersTest" time="5.73" classname="com.company.modelimplementations.FindOwnersTest">
            <failure type="Not fulfilled" message="25"/>
        </testcase>
        <testcase name="OwnerInformationTest" time="5.73" classname="com.company.modelimplementations.OwnerInformationTest">
            <error type="java.lang.reflect.InvocationTargetException">
                java.lang.reflect.InvocationTargetException
                	at java.base/jdk.internal.reflect.NativeMethodAccessorImpl.invoke0(Native Method)
                	at java.base/jdk.internal.reflect.NativeMethodAccessorImpl.invoke(NativeMethodAccessorImpl.java:77)
                	at java.base/jdk.internal.reflect.DelegatingMethodAccessorImpl.invoke(DelegatingMethodAccessorImpl.java:43)
                	at java.base/java.lang.reflect.Method.invoke(Method.java:568)
                	at org.graphwalker.core.machine.ExecutionContext.execute(ExecutionContext.java:265)
                	at org.graphwalker.core.machine.SimpleMachine.execute(SimpleMachine.java:285)
                	at org.graphwalker.core.machine.SimpleMachine.getNextStep(SimpleMachine.java:108)
                	at org.graphwalker.java.test.TestExecutor.execute(TestExecutor.java:249)
                	at java.base/jdk.internal.reflect.NativeMethodAccessorImpl.invoke0(Native Method)
                	at java.base/jdk.internal.reflect.NativeMethodAccessorImpl.invoke(NativeMethodAccessorImpl.java:77)
                	at java.base/jdk.internal.reflect.DelegatingMethodAccessorImpl.invoke(DelegatingMethodAccessorImpl.java:43)
                	at java.base/java.lang.reflect.Method.invoke(Method.java:568)
                	at org.graphwalker.java.test.Reflections.invoke(Reflections.java:73)
                	at org.graphwalker.java.test.Reflector.execute(Reflector.java:123)
                	at org.graphwalker.maven.plugin.TestMojo.execute(TestMojo.java:161)
                	at org.apache.maven.plugin.DefaultBuildPluginManager.executeMojo(DefaultBuildPluginManager.java:137)
                	at org.apache.maven.lifecycle.internal.MojoExecutor.execute(MojoExecutor.java:210)
                	at org.apache.maven.lifecycle.internal.MojoExecutor.execute(MojoExecutor.java:156)
                	at org.apache.maven.lifecycle.internal.MojoExecutor.execute(MojoExecutor.java:148)
                	at org.apache.maven.lifecycle.internal.LifecycleModuleBuilder.buildProject(LifecycleModuleBuilder.java:117)
                	at org.apache.maven.lifecycle.internal.LifecycleModuleBuilder.buildProject(LifecycleModuleBuilder.java:81)
                	at org.apache.maven.lifecycle.internal.builder.singlethreaded.SingleThreadedBuilder.build(SingleThreadedBuilder.java:56)
                	at org.apache.maven.lifecycle.internal.LifecycleStarter.execute(LifecycleStarter.java:128)
                	at org.apache.maven.DefaultMaven.doExecute(DefaultMaven.java:305)
                	at org.apache.maven.DefaultMaven.doExecute(DefaultMaven.java:192)
                	at org.apache.maven.DefaultMaven.execute(DefaultMaven.java:105)
                	at org.apache.maven.cli.MavenCli.execute(MavenCli.java:972)
                	at org.apache.maven.cli.MavenCli.doMain(MavenCli.java:293)
                	at org.apache.maven.cli.MavenCli.main(MavenCli.java:196)
                	at java.base/jdk.internal.reflect.NativeMethodAccessorImpl.invoke0(Native Method)
                	at java.base/jdk.internal.reflect.NativeMethodAccessorImpl.invoke(NativeMethodAccessorImpl.java:77)
                	at java.base/jdk.internal.reflect.DelegatingMethodAccessorImpl.invoke(DelegatingMethodAccessorImpl.java:43)
                	at java.base/java.lang.reflect.Method.invoke(Method.java:568)
                	at org.codehaus.plexus.classworlds.launcher.Launcher.launchEnhanced(Launcher.java:282)
                	at org.codehaus.plexus.classworlds.launcher.Launcher.launch(Launcher.java:225)
                	at org.codehaus.plexus.classworlds.launcher.Launcher.mainWithExitCode(Launcher.java:406)
                	at org.codehaus.plexus.classworlds.launcher.Launcher.main(Launcher.java:347)
                	at java.base/jdk.internal.reflect.NativeMethodAccessorImpl.invoke0(Native Method)
                	at java.base/jdk.internal.reflect.NativeMethodAccessorImpl.invoke(NativeMethodAccessorImpl.java:77)
                	at java.base/jdk.internal.reflect.DelegatingMethodAccessorImpl.invoke(DelegatingMethodAccessorImpl.java:43)
                	at java.base/java.lang.reflect.Method.invoke(Method.java:568)
                	at org.apache.maven.wrapper.BootstrapMainStarter.start(BootstrapMainStarter.java:39)
                	at org.apache.maven.wrapper.WrapperExecutor.execute(WrapperExecutor.java:122)
                	at org.apache.maven.wrapper.MavenWrapperMain.main(MavenWrapperMain.java:61)
                Caused by: Element should have text "Owner Information" {By.tagName: h2}
                Element: '&lt;h2&gt;Owner&lt;/h2&gt;'
                Actual value: text="Owner"
                Screenshot: file:/home/liniv742/Desktop/TDDD04/graphwalker-example/java-petclinic/build/reports/tests/1664377207191.0.png
                Page source: file:/home/liniv742/Desktop/TDDD04/graphwalker-example/java-petclinic/build/reports/tests/1664377207191.0.html
                Timeout: 4 s.
                	at com.codeborne.selenide.impl.WebElementSource.checkConditionAndReturnElement(WebElementSource.java:135)
                	at com.codeborne.selenide.impl.WebElementSource.checkCondition(WebElementSource.java:98)
                	at com.codeborne.selenide.commands.Should.execute(Should.java:30)
                	at com.codeborne.selenide.commands.Should.execute(Should.java:14)
                	at com.codeborne.selenide.commands.Commands.execute(Commands.java:155)
                	at com.codeborne.selenide.impl.SelenideElementProxy.dispatchAndRetry(SelenideElementProxy.java:129)
                	at com.codeborne.selenide.impl.SelenideElementProxy.invoke(SelenideElementProxy.java:81)
                	at jdk.proxy5/jdk.proxy5.$Proxy57.shouldHave(Unknown Source)
                	at com.company.modelimplementations.OwnerInformationTest.v_OwnerInformation(OwnerInformationTest.java:44)
                	... 44 more
</error>
        </testcase>
    </testsuite>
</testsuites>
